
*** Running vivado
    with args -log Unite_de_controle.vds -m64 -product Vivado -mode batch -messageDb vivado.pb -notrace -source Unite_de_controle.tcl


****** Vivado v2023.1 (64-bit)
  **** SW Build 3865809 on Sun May  7 15:04:56 MDT 2023
  **** IP Build 3864474 on Sun May  7 20:36:21 MDT 2023
  **** SharedData Build 3865790 on Sun May 07 13:33:03 MDT 2023
    ** Copyright 1986-2022 Xilinx, Inc. All Rights Reserved.
    ** Copyright 2022-2023 Advanced Micro Devices, Inc. All Rights Reserved.

source Unite_de_controle.tcl -notrace
create_project: Time (s): cpu = 00:00:07 ; elapsed = 00:00:13 . Memory (MB): peak = 1337.277 ; gain = 0.023 ; free physical = 3185 ; free virtual = 7351
Command: read_checkpoint -auto_incremental -incremental /home/jgarci/Documents/compiler/compiler.srcs/utils_1/imports/synth_1/UAL.dcp
INFO: [Vivado 12-5825] Read reference checkpoint from /home/jgarci/Documents/compiler/compiler.srcs/utils_1/imports/synth_1/UAL.dcp for incremental synthesis
INFO: [Vivado 12-7989] Please ensure there are no constraint changes
Command: synth_design -top Unite_de_controle -part xc7k70tfbv676-1
Starting synth_design
Attempting to get a license for feature 'Synthesis' and/or device 'xc7k70t'
INFO: [Common 17-349] Got license for feature 'Synthesis' and/or device 'xc7k70t'
INFO: [Designutils 20-5440] No compile time benefit to using incremental synthesis; A full resynthesis will be run
INFO: [Designutils 20-4379] Flow is switching to default flow due to incremental criteria not met. If you would like to alter this behaviour and have the flow terminate instead, please set the following parameter config_implementation {autoIncr.Synth.RejectBehavior Terminate}
INFO: [Synth 8-7079] Multithreading enabled for synth_design using a maximum of 4 processes.
INFO: [Synth 8-7078] Launching helper process for spawning children vivado processes
INFO: [Synth 8-7075] Helper process launched with PID 72186
---------------------------------------------------------------------------------
Starting Synthesize : Time (s): cpu = 00:00:03 ; elapsed = 00:00:04 . Memory (MB): peak = 1697.109 ; gain = 359.832 ; free physical = 2559 ; free virtual = 6725
---------------------------------------------------------------------------------
INFO: [Synth 8-638] synthesizing module 'Unite_de_controle' [/home/jgarci/Documents/compiler/compiler.srcs/sources_1/new/Unite_de_controle.vhd:34]
INFO: [Synth 8-3491] module 'Memoire_des_instructions' declared at '/home/jgarci/Documents/compiler/compiler.srcs/sources_1/new/Memoire_des_instructions.vhd:5' bound to instance 'instr_memory' of component 'memoire_des_instructions' [/home/jgarci/Documents/compiler/compiler.srcs/sources_1/new/Unite_de_controle.vhd:129]
INFO: [Synth 8-638] synthesizing module 'Memoire_des_instructions' [/home/jgarci/Documents/compiler/compiler.srcs/sources_1/new/Memoire_des_instructions.vhd:11]
INFO: [Synth 8-256] done synthesizing module 'Memoire_des_instructions' (0#1) [/home/jgarci/Documents/compiler/compiler.srcs/sources_1/new/Memoire_des_instructions.vhd:11]
INFO: [Synth 8-3491] module 'memoire_des_donnes' declared at '/home/jgarci/Documents/compiler/compiler.srcs/sources_1/new/memoire_des_donnes.vhd:5' bound to instance 'data_memory' of component 'memoire_des_donnes' [/home/jgarci/Documents/compiler/compiler.srcs/sources_1/new/Unite_de_controle.vhd:136]
INFO: [Synth 8-638] synthesizing module 'memoire_des_donnes' [/home/jgarci/Documents/compiler/compiler.srcs/sources_1/new/memoire_des_donnes.vhd:14]
INFO: [Synth 8-256] done synthesizing module 'memoire_des_donnes' (0#1) [/home/jgarci/Documents/compiler/compiler.srcs/sources_1/new/memoire_des_donnes.vhd:14]
INFO: [Synth 8-3491] module 'banc_de_registres' declared at '/home/jgarci/Documents/compiler/compiler.srcs/sources_1/new/banc_de_registres.vhd:5' bound to instance 'register_bank' of component 'banc_de_registres' [/home/jgarci/Documents/compiler/compiler.srcs/sources_1/new/Unite_de_controle.vhd:146]
INFO: [Synth 8-638] synthesizing module 'banc_de_registres' [/home/jgarci/Documents/compiler/compiler.srcs/sources_1/new/banc_de_registres.vhd:17]
INFO: [Synth 8-256] done synthesizing module 'banc_de_registres' (0#1) [/home/jgarci/Documents/compiler/compiler.srcs/sources_1/new/banc_de_registres.vhd:17]
INFO: [Synth 8-3491] module 'ALU' declared at '/home/jgarci/Documents/compiler/compiler.srcs/sources_1/new/ALU.vhd:5' bound to instance 'alu_udc' of component 'ALU' [/home/jgarci/Documents/compiler/compiler.srcs/sources_1/new/Unite_de_controle.vhd:159]
INFO: [Synth 8-638] synthesizing module 'ALU' [/home/jgarci/Documents/compiler/compiler.srcs/sources_1/new/ALU.vhd:18]
INFO: [Synth 8-256] done synthesizing module 'ALU' (0#1) [/home/jgarci/Documents/compiler/compiler.srcs/sources_1/new/ALU.vhd:18]
WARNING: [Synth 8-614] signal 'INSTR_MEM_OUT' is read in the process but is not in the sensitivity list [/home/jgarci/Documents/compiler/compiler.srcs/sources_1/new/Unite_de_controle.vhd:172]
WARNING: [Synth 8-614] signal 'DI_opcode' is read in the process but is not in the sensitivity list [/home/jgarci/Documents/compiler/compiler.srcs/sources_1/new/Unite_de_controle.vhd:172]
WARNING: [Synth 8-614] signal 'EX_opcode' is read in the process but is not in the sensitivity list [/home/jgarci/Documents/compiler/compiler.srcs/sources_1/new/Unite_de_controle.vhd:172]
WARNING: [Synth 8-614] signal 'ME_opcode' is read in the process but is not in the sensitivity list [/home/jgarci/Documents/compiler/compiler.srcs/sources_1/new/Unite_de_controle.vhd:172]
WARNING: [Synth 8-614] signal 'DI_op2' is read in the process but is not in the sensitivity list [/home/jgarci/Documents/compiler/compiler.srcs/sources_1/new/Unite_de_controle.vhd:172]
WARNING: [Synth 8-614] signal 'EX_op2' is read in the process but is not in the sensitivity list [/home/jgarci/Documents/compiler/compiler.srcs/sources_1/new/Unite_de_controle.vhd:172]
WARNING: [Synth 8-614] signal 'ME_op2' is read in the process but is not in the sensitivity list [/home/jgarci/Documents/compiler/compiler.srcs/sources_1/new/Unite_de_controle.vhd:172]
WARNING: [Synth 8-614] signal 'REG_Q_A' is read in the process but is not in the sensitivity list [/home/jgarci/Documents/compiler/compiler.srcs/sources_1/new/Unite_de_controle.vhd:172]
WARNING: [Synth 8-614] signal 'DI_op3' is read in the process but is not in the sensitivity list [/home/jgarci/Documents/compiler/compiler.srcs/sources_1/new/Unite_de_controle.vhd:172]
WARNING: [Synth 8-614] signal 'REG_Q_B' is read in the process but is not in the sensitivity list [/home/jgarci/Documents/compiler/compiler.srcs/sources_1/new/Unite_de_controle.vhd:172]
WARNING: [Synth 8-614] signal 'REG_DAT' is read in the process but is not in the sensitivity list [/home/jgarci/Documents/compiler/compiler.srcs/sources_1/new/Unite_de_controle.vhd:172]
WARNING: [Synth 8-614] signal 'REG_W' is read in the process but is not in the sensitivity list [/home/jgarci/Documents/compiler/compiler.srcs/sources_1/new/Unite_de_controle.vhd:172]
WARNING: [Synth 8-614] signal 'REG_WRITE' is read in the process but is not in the sensitivity list [/home/jgarci/Documents/compiler/compiler.srcs/sources_1/new/Unite_de_controle.vhd:172]
INFO: [Synth 8-256] done synthesizing module 'Unite_de_controle' (0#1) [/home/jgarci/Documents/compiler/compiler.srcs/sources_1/new/Unite_de_controle.vhd:34]
WARNING: [Synth 8-3936] Found unconnected internal register 'DI_op3_reg' and it is trimmed from '8' to '4' bits. [/home/jgarci/Documents/compiler/compiler.srcs/sources_1/new/Unite_de_controle.vhd:149]
WARNING: [Synth 8-3848] Net REG_RST in module/entity Unite_de_controle does not have driver. [/home/jgarci/Documents/compiler/compiler.srcs/sources_1/new/Unite_de_controle.vhd:98]
WARNING: [Synth 8-3848] Net rst_mem in module/entity Unite_de_controle does not have driver. [/home/jgarci/Documents/compiler/compiler.srcs/sources_1/new/Unite_de_controle.vhd:82]
---------------------------------------------------------------------------------
Finished Synthesize : Time (s): cpu = 00:00:05 ; elapsed = 00:00:06 . Memory (MB): peak = 1810.047 ; gain = 472.770 ; free physical = 2415 ; free virtual = 6584
---------------------------------------------------------------------------------
---------------------------------------------------------------------------------
Finished Constraint Validation : Time (s): cpu = 00:00:05 ; elapsed = 00:00:07 . Memory (MB): peak = 1827.859 ; gain = 490.582 ; free physical = 2429 ; free virtual = 6598
---------------------------------------------------------------------------------
---------------------------------------------------------------------------------
Start Loading Part and Timing Information
---------------------------------------------------------------------------------
Loading part: xc7k70tfbv676-1
INFO: [Device 21-403] Loading part xc7k70tfbv676-1
---------------------------------------------------------------------------------
Finished Loading Part and Timing Information : Time (s): cpu = 00:00:05 ; elapsed = 00:00:07 . Memory (MB): peak = 1835.863 ; gain = 498.586 ; free physical = 2428 ; free virtual = 6597
---------------------------------------------------------------------------------
---------------------------------------------------------------------------------
Finished RTL Optimization Phase 2 : Time (s): cpu = 00:00:08 ; elapsed = 00:00:09 . Memory (MB): peak = 1862.855 ; gain = 525.578 ; free physical = 2395 ; free virtual = 6563
---------------------------------------------------------------------------------
No constraint files found.
---------------------------------------------------------------------------------
Start RTL Component Statistics 
---------------------------------------------------------------------------------
Detailed RTL Component Info : 
+---Adders : 
	   3 Input   16 Bit       Adders := 1     
	   2 Input    9 Bit       Adders := 1     
	   2 Input    8 Bit       Adders := 1     
+---Registers : 
	               32 Bit    Registers := 2     
	                8 Bit    Registers := 289   
	                4 Bit    Registers := 2     
	                1 Bit    Registers := 2     
+---Muxes : 
	 257 Input   32 Bit        Muxes := 1     
	   2 Input    8 Bit        Muxes := 5     
	   2 Input    1 Bit        Muxes := 273   
	   5 Input    1 Bit        Muxes := 1     
---------------------------------------------------------------------------------
Finished RTL Component Statistics 
---------------------------------------------------------------------------------
---------------------------------------------------------------------------------
Start Part Resource Summary
---------------------------------------------------------------------------------
Part Resources:
DSPs: 240 (col length:80)
BRAMs: 270 (col length: RAMB18 80 RAMB36 40)
---------------------------------------------------------------------------------
Finished Part Resource Summary
---------------------------------------------------------------------------------
No constraint files found.
---------------------------------------------------------------------------------
Start Cross Boundary and Area Optimization
---------------------------------------------------------------------------------
WARNING: [Synth 8-7080] Parallel synthesis criteria is not met
---------------------------------------------------------------------------------
Finished Cross Boundary and Area Optimization : Time (s): cpu = 00:00:13 ; elapsed = 00:00:32 . Memory (MB): peak = 1937.363 ; gain = 600.086 ; free physical = 2343 ; free virtual = 6517
---------------------------------------------------------------------------------
No constraint files found.
---------------------------------------------------------------------------------
Start Timing Optimization
---------------------------------------------------------------------------------
---------------------------------------------------------------------------------
Finished Timing Optimization : Time (s): cpu = 00:00:13 ; elapsed = 00:00:32 . Memory (MB): peak = 1937.363 ; gain = 600.086 ; free physical = 2343 ; free virtual = 6517
---------------------------------------------------------------------------------
---------------------------------------------------------------------------------
Start Technology Mapping
---------------------------------------------------------------------------------
---------------------------------------------------------------------------------
Finished Technology Mapping : Time (s): cpu = 00:00:13 ; elapsed = 00:00:32 . Memory (MB): peak = 1937.363 ; gain = 600.086 ; free physical = 2343 ; free virtual = 6517
---------------------------------------------------------------------------------
---------------------------------------------------------------------------------
Start IO Insertion
---------------------------------------------------------------------------------
---------------------------------------------------------------------------------
Start Flattening Before IO Insertion
---------------------------------------------------------------------------------
---------------------------------------------------------------------------------
Finished Flattening Before IO Insertion
---------------------------------------------------------------------------------
---------------------------------------------------------------------------------
Start Final Netlist Cleanup
---------------------------------------------------------------------------------
---------------------------------------------------------------------------------
Finished Final Netlist Cleanup
---------------------------------------------------------------------------------
---------------------------------------------------------------------------------
Finished IO Insertion : Time (s): cpu = 00:00:16 ; elapsed = 00:00:35 . Memory (MB): peak = 1937.363 ; gain = 600.086 ; free physical = 2344 ; free virtual = 6518
---------------------------------------------------------------------------------
---------------------------------------------------------------------------------
Start Renaming Generated Instances
---------------------------------------------------------------------------------
---------------------------------------------------------------------------------
Finished Renaming Generated Instances : Time (s): cpu = 00:00:16 ; elapsed = 00:00:35 . Memory (MB): peak = 1937.363 ; gain = 600.086 ; free physical = 2344 ; free virtual = 6518
---------------------------------------------------------------------------------
---------------------------------------------------------------------------------
Start Rebuilding User Hierarchy
---------------------------------------------------------------------------------
---------------------------------------------------------------------------------
Finished Rebuilding User Hierarchy : Time (s): cpu = 00:00:16 ; elapsed = 00:00:35 . Memory (MB): peak = 1937.363 ; gain = 600.086 ; free physical = 2344 ; free virtual = 6518
---------------------------------------------------------------------------------
---------------------------------------------------------------------------------
Start Renaming Generated Ports
---------------------------------------------------------------------------------
---------------------------------------------------------------------------------
Finished Renaming Generated Ports : Time (s): cpu = 00:00:16 ; elapsed = 00:00:35 . Memory (MB): peak = 1937.363 ; gain = 600.086 ; free physical = 2344 ; free virtual = 6518
---------------------------------------------------------------------------------
---------------------------------------------------------------------------------
Start Handling Custom Attributes
---------------------------------------------------------------------------------
---------------------------------------------------------------------------------
Finished Handling Custom Attributes : Time (s): cpu = 00:00:16 ; elapsed = 00:00:35 . Memory (MB): peak = 1937.363 ; gain = 600.086 ; free physical = 2344 ; free virtual = 6518
---------------------------------------------------------------------------------
---------------------------------------------------------------------------------
Start Renaming Generated Nets
---------------------------------------------------------------------------------
---------------------------------------------------------------------------------
Finished Renaming Generated Nets : Time (s): cpu = 00:00:16 ; elapsed = 00:00:35 . Memory (MB): peak = 1937.363 ; gain = 600.086 ; free physical = 2344 ; free virtual = 6518
---------------------------------------------------------------------------------
---------------------------------------------------------------------------------
Start ROM, RAM, DSP, Shift Register and Retiming Reporting
---------------------------------------------------------------------------------

Static Shift Register Report:
+------------------+--------------+--------+-------+--------------+--------------------+-------------------+--------+---------+
|Module Name       | RTL Name     | Length | Width | Reset Signal | Pull out first Reg | Pull out last Reg | SRL16E | SRLC32E | 
+------------------+--------------+--------+-------+--------------+--------------------+-------------------+--------+---------+
|Unite_de_controle | REG_W_reg[3] | 4      | 4     | NO           | NO                 | YES               | 4      | 0       | 
+------------------+--------------+--------+-------+--------------+--------------------+-------------------+--------+---------+

---------------------------------------------------------------------------------
Finished ROM, RAM, DSP, Shift Register and Retiming Reporting
---------------------------------------------------------------------------------
---------------------------------------------------------------------------------
Start Writing Synthesis Report
---------------------------------------------------------------------------------

Report BlackBoxes: 
+-+--------------+----------+
| |BlackBox name |Instances |
+-+--------------+----------+
+-+--------------+----------+

Report Cell Usage: 
+------+-------+------+
|      |Cell   |Count |
+------+-------+------+
|1     |BUFG   |     1|
|2     |CARRY4 |     2|
|3     |LUT1   |     8|
|4     |LUT2   |     1|
|5     |LUT4   |     2|
|6     |LUT5   |     3|
|7     |LUT6   |     9|
|8     |SRL16E |     4|
|9     |FDRE   |    97|
|10    |IBUF   |    33|
|11    |OBUF   |   117|
+------+-------+------+

Report Instance Areas: 
+------+----------+-------+------+
|      |Instance  |Module |Cells |
+------+----------+-------+------+
|1     |top       |       |   277|
|2     |  alu_udc |ALU    |    20|
+------+----------+-------+------+
---------------------------------------------------------------------------------
Finished Writing Synthesis Report : Time (s): cpu = 00:00:16 ; elapsed = 00:00:35 . Memory (MB): peak = 1937.363 ; gain = 600.086 ; free physical = 2344 ; free virtual = 6518
---------------------------------------------------------------------------------
Synthesis finished with 0 errors, 0 critical warnings and 17 warnings.
Synthesis Optimization Runtime : Time (s): cpu = 00:00:16 ; elapsed = 00:00:35 . Memory (MB): peak = 1937.363 ; gain = 600.086 ; free physical = 2339 ; free virtual = 6516
Synthesis Optimization Complete : Time (s): cpu = 00:00:16 ; elapsed = 00:00:35 . Memory (MB): peak = 1937.371 ; gain = 600.086 ; free physical = 2339 ; free virtual = 6516
INFO: [Project 1-571] Translating synthesized netlist
Netlist sorting complete. Time (s): cpu = 00:00:00.01 ; elapsed = 00:00:00 . Memory (MB): peak = 1945.301 ; gain = 0.000 ; free physical = 2609 ; free virtual = 6787
INFO: [Netlist 29-17] Analyzing 2 Unisim elements for replacement
INFO: [Netlist 29-28] Unisim Transformation completed in 0 CPU seconds
INFO: [Project 1-570] Preparing netlist for logic optimization
INFO: [Opt 31-138] Pushed 0 inverter(s) to 0 load pin(s).
Netlist sorting complete. Time (s): cpu = 00:00:00 ; elapsed = 00:00:00 . Memory (MB): peak = 2020.020 ; gain = 0.000 ; free physical = 2539 ; free virtual = 6714
INFO: [Project 1-111] Unisim Transformation Summary:
No Unisim elements were transformed.

Synth Design complete | Checksum: 1fe2f7b4
INFO: [Common 17-83] Releasing license: Synthesis
30 Infos, 17 Warnings, 0 Critical Warnings and 0 Errors encountered.
synth_design completed successfully
synth_design: Time (s): cpu = 00:00:20 ; elapsed = 00:00:37 . Memory (MB): peak = 2020.020 ; gain = 682.742 ; free physical = 2539 ; free virtual = 6714
INFO: [Common 17-2834] synth_design peak Physical Memory [PSS] (MB): overall = 1432.141; main = 1205.106; forked = 347.144
INFO: [Common 17-2834] synth_design peak Virtual Memory [VSS] (MB): overall = 2907.305; main = 2020.023; forked = 977.945
INFO: [Common 17-1381] The checkpoint '/home/jgarci/Documents/compiler/compiler.runs/synth_1/Unite_de_controle.dcp' has been generated.
INFO: [runtcl-4] Executing : report_utilization -file Unite_de_controle_utilization_synth.rpt -pb Unite_de_controle_utilization_synth.pb
INFO: [Common 17-206] Exiting Vivado at Mon May 26 18:13:48 2025...
